<?xml version="1.0" encoding="UTF-8"?>
<!-- Generated by org.testng.reporters.JUnitReportReporter -->
<testsuite skipped="0" hostname="DESKTOP-IL6V5K7" name="com.elearning_1.testcases.testcase1" tests="1" failures="0" timestamp="05 May 2021 06:31:53 GMT" time="8.720" errors="0">
  <testcase name="logintest" time="8.720" classname="com.elearning_1.testcases.testcase1"/>
</testsuite> <!-- com.elearning_1.testcases.testcase1 -->
